12.12.2023, 11:12:48 - INFO - Up and running on port 3030
12.12.2023, 11:32:12 - INFO - Up and running on port 3030
12.12.2023, 11:46:35 - INFO - Up and running on port 3030
12.12.2023, 11:46:47 - INFO - Up and running on port 3030
12.12.2023, 11:47:01 - INFO - Up and running on port 3030
12.12.2023, 11:47:14 - INFO - Up and running on port 3030
12.12.2023, 11:47:22 - INFO - Up and running on port 3030
12.12.2023, 11:49:12 - INFO - Up and running on port 3030
12.12.2023, 11:49:24 - INFO - Up and running on port 3030
12.12.2023, 11:49:32 - INFO - Up and running on port 3030
12.12.2023, 11:49:38 - INFO - Up and running on port 3030
12.12.2023, 11:49:42 - INFO - Up and running on port 3030
12.12.2023, 11:50:19 - INFO - Up and running on port 3030
12.12.2023, 11:50:29 - INFO - Up and running on port 3030
12.12.2023, 11:50:46 - INFO - Up and running on port 3030
12.12.2023, 11:52:07 - INFO - Up and running on port 3030
12.12.2023, 11:52:19 - INFO - Up and running on port 3030
12.12.2023, 11:52:24 - INFO - Up and running on port 3030
12.12.2023, 11:52:37 - INFO - Up and running on port 3030
12.12.2023, 12:22:24 - INFO - Up and running on port 3030
12.12.2023, 12:22:44 - INFO - Up and running on port 3030
12.12.2023, 13:06:57 - INFO - Up and running on port 3030
12.12.2023, 13:07:51 - INFO - Up and running on port 3030
12.12.2023, 13:07:59 - INFO - Up and running on port 3030
12.12.2023, 13:08:26 - INFO - Up and running on port 3030
12.12.2023, 13:09:22 - INFO - Up and running on port 3030
12.12.2023, 13:10:33 - INFO - Up and running on port 3030
12.12.2023, 13:10:50 - INFO - Up and running on port 3030
12.12.2023, 13:11:06 - INFO - Up and running on port 3030
12.12.2023, 13:11:31 - INFO - Up and running on port 3030
12.12.2023, 13:13:16 - INFO - Up and running on port 3030
12.12.2023, 13:14:01 - INFO - Up and running on port 3030
12.12.2023, 13:15:03 - INFO - Up and running on port 3030
12.12.2023, 13:16:10 - INFO - Up and running on port 3030
12.12.2023, 13:16:47 - INFO - Up and running on port 3030
12.12.2023, 13:16:50 - INFO - Up and running on port 3030
12.12.2023, 13:18:05 - ERROR - Couldn't find bug with _id im0n77
12.12.2023, 13:18:07 - ERROR - Couldn't find bug with _id im0n7z
12.12.2023, 13:18:13 - ERROR - Couldn't find bug with _id imon7z
12.12.2023, 13:19:32 - INFO - Up and running on port 3030
12.12.2023, 13:19:36 - INFO - Up and running on port 3030
12.12.2023, 13:19:41 - INFO - Up and running on port 3030
12.12.2023, 13:20:33 - INFO - Up and running on port 3030
12.12.2023, 13:21:37 - INFO - Up and running on port 3030
12.12.2023, 13:21:47 - INFO - Up and running on port 3030
12.12.2023, 13:21:58 - INFO - Up and running on port 3030
12.12.2023, 13:22:10 - INFO - Up and running on port 3030
12.12.2023, 13:22:17 - INFO - Up and running on port 3030
12.12.2023, 13:22:21 - INFO - Up and running on port 3030
12.12.2023, 13:22:23 - INFO - Up and running on port 3030
12.12.2023, 13:22:25 - INFO - Up and running on port 3030
12.12.2023, 13:29:39 - INFO - Up and running on port 3030
12.12.2023, 13:29:42 - INFO - Up and running on port 3030
12.12.2023, 13:35:40 - INFO - Up and running on port 3030
12.12.2023, 13:37:14 - INFO - Up and running on port 3030
12.12.2023, 13:37:25 - INFO - Up and running on port 3030
12.12.2023, 13:37:36 - INFO - Up and running on port 3030
12.12.2023, 13:37:40 - INFO - Up and running on port 3030
12.12.2023, 13:39:07 - INFO - Up and running on port 3030
12.12.2023, 13:39:55 - INFO - Up and running on port 3030
12.12.2023, 13:40:09 - INFO - Up and running on port 3030
12.12.2023, 13:40:27 - INFO - Up and running on port 3030
12.12.2023, 13:49:16 - INFO - Up and running on port 3030
12.12.2023, 15:03:43 - INFO - Up and running on port 3030
12.12.2023, 15:07:46 - INFO - Up and running on port 3030
12.12.2023, 15:09:03 - INFO - Up and running on port 3030
12.12.2023, 15:11:51 - INFO - Up and running on port 3030
12.12.2023, 15:12:43 - INFO - Up and running on port 3030
12.12.2023, 15:13:08 - INFO - Up and running on port 3030
12.12.2023, 15:17:46 - INFO - Up and running on port 3030
12.12.2023, 15:20:49 - INFO - Up and running on port 3030
12.12.2023, 15:22:02 - INFO - Up and running on port 3030
12.12.2023, 15:30:14 - INFO - Up and running on port 3030
12.12.2023, 15:30:18 - INFO - Up and running on port 3030
12.12.2023, 15:34:05 - INFO - Up and running on port 3030
12.12.2023, 15:39:16 - INFO - Up and running on port 3030
12.12.2023, 15:46:52 - INFO - Up and running on port 3030
12.12.2023, 15:47:48 - INFO - Up and running on port 3030
14.12.2023, 13:59:22 - INFO - Up and running on port 3030
14.12.2023, 14:05:06 - INFO - Up and running on port 3030
14.12.2023, 14:05:33 - INFO - Up and running on port 3030
14.12.2023, 14:12:46 - INFO - Up and running on port 3030
14.12.2023, 14:16:35 - INFO - Up and running on port 3030
14.12.2023, 14:19:53 - INFO - Up and running on port 3030
14.12.2023, 14:22:42 - INFO - Up and running on port 3030
14.12.2023, 14:23:05 - INFO - Up and running on port 3030
14.12.2023, 14:24:07 - INFO - Up and running on port 3030
14.12.2023, 14:27:08 - INFO - Up and running on port 3030
14.12.2023, 14:28:26 - INFO - Up and running on port 3030
14.12.2023, 14:29:19 - INFO - Up and running on port 3030
14.12.2023, 14:29:59 - INFO - Up and running on port 3030
14.12.2023, 14:31:36 - INFO - Up and running on port 3030
14.12.2023, 14:31:43 - INFO - Up and running on port 3030
14.12.2023, 14:31:54 - INFO - Up and running on port 3030
14.12.2023, 14:32:25 - INFO - Up and running on port 3030
14.12.2023, 14:32:35 - INFO - Up and running on port 3030
14.12.2023, 14:33:02 - INFO - Up and running on port 3030
14.12.2023, 14:33:16 - INFO - Up and running on port 3030
14.12.2023, 14:33:33 - INFO - Up and running on port 3030
14.12.2023, 14:33:45 - INFO - Up and running on port 3030
14.12.2023, 14:33:48 - INFO - Up and running on port 3030
14.12.2023, 14:34:57 - INFO - Up and running on port 3030
14.12.2023, 14:35:01 - INFO - Up and running on port 3030
14.12.2023, 14:35:15 - INFO - Up and running on port 3030
14.12.2023, 14:35:46 - INFO - Up and running on port 3030
14.12.2023, 14:36:09 - INFO - Up and running on port 3030
14.12.2023, 14:36:31 - INFO - Up and running on port 3030
14.12.2023, 14:36:35 - INFO - Up and running on port 3030
14.12.2023, 14:36:43 - INFO - Up and running on port 3030
14.12.2023, 14:37:14 - INFO - Up and running on port 3030
14.12.2023, 14:37:35 - INFO - Up and running on port 3030
14.12.2023, 14:37:39 - INFO - Up and running on port 3030
14.12.2023, 14:37:55 - INFO - Up and running on port 3030
14.12.2023, 14:38:43 - INFO - Up and running on port 3030
14.12.2023, 14:38:50 - INFO - Up and running on port 3030
14.12.2023, 14:39:29 - INFO - Up and running on port 3030
14.12.2023, 14:39:48 - INFO - Up and running on port 3030
14.12.2023, 14:39:56 - INFO - Up and running on port 3030
14.12.2023, 14:40:11 - INFO - Up and running on port 3030
14.12.2023, 14:41:05 - INFO - Up and running on port 3030
14.12.2023, 14:41:18 - INFO - Up and running on port 3030
14.12.2023, 14:41:42 - INFO - Up and running on port 3030
14.12.2023, 14:42:47 - INFO - Up and running on port 3030
14.12.2023, 14:43:30 - INFO - Up and running on port 3030
14.12.2023, 14:43:52 - INFO - Up and running on port 3030
14.12.2023, 14:44:18 - INFO - Up and running on port 3030
14.12.2023, 14:44:25 - INFO - Up and running on port 3030
14.12.2023, 14:45:24 - INFO - Up and running on port 3030
14.12.2023, 14:45:47 - INFO - Up and running on port 3030
14.12.2023, 14:46:24 - INFO - Up and running on port 3030
14.12.2023, 14:46:56 - INFO - Up and running on port 3030
14.12.2023, 14:47:17 - INFO - Up and running on port 3030
14.12.2023, 15:13:13 - INFO - Up and running on port 3030
14.12.2023, 15:13:15 - INFO - Up and running on port 3030
14.12.2023, 15:35:08 - INFO - Up and running on port 3030
14.12.2023, 15:35:11 - INFO - Up and running on port 3030
14.12.2023, 15:35:28 - INFO - Up and running on port 3030
14.12.2023, 15:35:55 - INFO - Up and running on port 3030
14.12.2023, 15:36:43 - INFO - Up and running on port 3030
14.12.2023, 15:36:46 - INFO - Up and running on port 3030
14.12.2023, 15:37:48 - INFO - Up and running on port 3030
14.12.2023, 15:38:24 - INFO - Up and running on port 3030
14.12.2023, 15:38:43 - INFO - Up and running on port 3030
14.12.2023, 15:39:13 - INFO - Up and running on port 3030
14.12.2023, 15:39:32 - INFO - Up and running on port 3030
14.12.2023, 15:39:41 - INFO - Up and running on port 3030
14.12.2023, 15:39:52 - INFO - Up and running on port 3030
14.12.2023, 15:40:07 - INFO - Up and running on port 3030
14.12.2023, 15:40:26 - INFO - Up and running on port 3030
14.12.2023, 15:40:29 - INFO - Up and running on port 3030
14.12.2023, 15:40:38 - INFO - Up and running on port 3030
14.12.2023, 15:40:43 - INFO - Up and running on port 3030
14.12.2023, 15:41:27 - INFO - Up and running on port 3030
14.12.2023, 15:41:36 - INFO - Up and running on port 3030
14.12.2023, 15:43:00 - INFO - Up and running on port 3030
14.12.2023, 15:43:29 - INFO - Up and running on port 3030
14.12.2023, 15:44:10 - INFO - Up and running on port 3030
14.12.2023, 15:44:25 - INFO - Up and running on port 3030
14.12.2023, 15:44:34 - INFO - Up and running on port 3030
14.12.2023, 15:44:43 - INFO - Up and running on port 3030
14.12.2023, 16:37:48 - INFO - Up and running on port 3030
14.12.2023, 16:38:50 - INFO - Up and running on port 3030
14.12.2023, 18:32:28 - INFO - Up and running on port 3030
14.12.2023, 18:32:53 - INFO - Up and running on port 3030
14.12.2023, 18:33:03 - INFO - Up and running on port 3030
14.12.2023, 18:33:45 - INFO - Up and running on port 3030
14.12.2023, 18:34:30 - INFO - Up and running on port 3030
17.12.2023, 13:07:51 - INFO - Up and running on port 3030
17.12.2023, 13:14:29 - INFO - Up and running on port 3030
17.12.2023, 13:15:24 - INFO - Up and running on port 3030
17.12.2023, 13:21:12 - INFO - Up and running on port 3030
17.12.2023, 13:25:02 - INFO - Up and running on port 3030
17.12.2023, 13:25:10 - INFO - Up and running on port 3030
17.12.2023, 13:25:15 - INFO - Up and running on port 3030
17.12.2023, 13:26:34 - INFO - Up and running on port 3030
17.12.2023, 13:26:49 - INFO - Up and running on port 3030
17.12.2023, 13:28:42 - INFO - Up and running on port 3030
18.12.2023, 17:12:17 - INFO - Up and running on port 3030
18.12.2023, 17:22:24 - INFO - Up and running on port 3030
18.12.2023, 17:24:05 - INFO - Example Request made
18.12.2023, 17:24:06 - INFO - Example Request made
18.12.2023, 17:24:15 - INFO - Example Request made
18.12.2023, 17:24:15 - INFO - Example Request made
18.12.2023, 17:24:39 - INFO - Example Request made
18.12.2023, 17:24:40 - INFO - Example Request made
18.12.2023, 17:24:50 - INFO - Example Request made
18.12.2023, 17:24:51 - INFO - Example Request made
18.12.2023, 17:25:22 - INFO - Example Request made
18.12.2023, 17:25:23 - INFO - Example Request made
18.12.2023, 17:29:52 - INFO - Up and running on port 3030
18.12.2023, 17:39:33 - INFO - Up and running on port 3030
18.12.2023, 17:39:41 - INFO - User login:  | {"_id":"u101","fullname":"Muki Ja"}
18.12.2023, 17:40:21 - ERROR - TypeError: Cannot read property '_id' of undefined
18.12.2023, 17:41:39 - DEBUG - auth.service - signup with username: rave, fullname: rave
18.12.2023, 17:41:39 - DEBUG - auth.route - new account created: {"username":"rave","password":"$2b$10$mK6qWqgsltcJwv.zAz5wOu2sK0kamvWRwySy4wN9Ne6.DSjoKf4TG","fullname":"rave","_id":"mdWo5K","score":10000,"imgUrl":"https://cdn.pixabay.com/photo/2020/07/01/12/58/icon-5359553_1280.png"}
18.12.2023, 17:41:39 - INFO - User signup: | {"_id":"mdWo5K","fullname":"rave","imgUrl":"https://cdn.pixabay.com/photo/2020/07/01/12/58/icon-5359553_1280.png"}
18.12.2023, 17:41:47 - ERROR - Not yor bug!
18.12.2023, 17:41:52 - INFO - Example Request made
18.12.2023, 17:41:53 - INFO - Example Request made
18.12.2023, 17:43:12 - INFO - Example Request made
18.12.2023, 17:43:12 - INFO - Example Request made
18.12.2023, 17:45:31 - INFO - User login:  | {"_id":"mdWo5K","fullname":"rave","imgUrl":"https://cdn.pixabay.com/photo/2020/07/01/12/58/icon-5359553_1280.png"}
18.12.2023, 17:45:37 - INFO - Example Request made
18.12.2023, 17:45:37 - INFO - Example Request made
18.12.2023, 17:46:09 - INFO - User login:  | {"_id":"mdWo5K","fullname":"rave","imgUrl":"https://cdn.pixabay.com/photo/2020/07/01/12/58/icon-5359553_1280.png"}
18.12.2023, 17:46:27 - INFO - Example Request made
18.12.2023, 17:46:27 - INFO - Example Request made
18.12.2023, 17:46:35 - INFO - Example Request made
18.12.2023, 17:46:35 - INFO - Example Request made
18.12.2023, 17:46:56 - INFO - Example Request made
18.12.2023, 17:46:56 - INFO - Example Request made
18.12.2023, 17:52:14 - INFO - Example Request made
18.12.2023, 17:52:14 - INFO - Example Request made
18.12.2023, 17:52:27 - INFO - User login:  | {"_id":"mdWo5K","fullname":"rave","imgUrl":"https://cdn.pixabay.com/photo/2020/07/01/12/58/icon-5359553_1280.png"}
18.12.2023, 17:52:37 - INFO - Example Request made
18.12.2023, 17:52:38 - INFO - Example Request made
18.12.2023, 17:53:40 - INFO - Up and running on port 3030
18.12.2023, 17:53:45 - INFO - Example Request made
18.12.2023, 17:53:45 - INFO - Example Request made
18.12.2023, 18:04:49 - INFO - User login:  | {"_id":"mdWo5K","fullname":"rave","imgUrl":"https://cdn.pixabay.com/photo/2020/07/01/12/58/icon-5359553_1280.png","isAdmin":true}
18.12.2023, 18:05:42 - INFO - Example Request made
18.12.2023, 18:05:42 - INFO - Example Request made
18.12.2023, 18:06:46 - INFO - Example Request made
18.12.2023, 18:06:49 - INFO - Example Request made
18.12.2023, 18:06:49 - INFO - Example Request made
18.12.2023, 18:06:56 - INFO - Example Request made
18.12.2023, 18:06:56 - INFO - Example Request made
18.12.2023, 18:06:58 - INFO - Example Request made
18.12.2023, 18:06:58 - INFO - Example Request made
18.12.2023, 18:07:01 - INFO - Example Request made
18.12.2023, 18:07:01 - INFO - Example Request made
18.12.2023, 18:07:02 - INFO - Example Request made
18.12.2023, 18:07:03 - INFO - Example Request made
18.12.2023, 18:07:07 - INFO - Example Request made
18.12.2023, 18:07:07 - INFO - Example Request made
18.12.2023, 18:07:10 - INFO - Example Request made
18.12.2023, 18:07:10 - INFO - Example Request made
18.12.2023, 18:07:15 - INFO - Example Request made
18.12.2023, 18:07:16 - INFO - Example Request made
18.12.2023, 18:07:27 - INFO - Example Request made
18.12.2023, 18:07:27 - INFO - Example Request made
18.12.2023, 18:07:34 - INFO - User login:  | {"_id":"mdWo5K","fullname":"rave","imgUrl":"https://cdn.pixabay.com/photo/2020/07/01/12/58/icon-5359553_1280.png","isAdmin":true}
18.12.2023, 18:07:36 - INFO - Example Request made
18.12.2023, 18:07:36 - INFO - Example Request made
18.12.2023, 18:07:42 - INFO - User login:  | {"_id":"7sDIdT","fullname":"Rave Pinchas"}
18.12.2023, 18:07:47 - INFO - Example Request made
18.12.2023, 18:07:47 - INFO - Example Request made
18.12.2023, 18:08:16 - INFO - Example Request made
18.12.2023, 18:10:39 - INFO - Example Request made
18.12.2023, 18:10:39 - INFO - Example Request made
18.12.2023, 18:10:46 - INFO - User login:  | {"_id":"7sDIdT","fullname":"Rave Pinchas"}
18.12.2023, 18:10:51 - INFO - User login:  | {"_id":"mdWo5K","fullname":"rave","imgUrl":"https://cdn.pixabay.com/photo/2020/07/01/12/58/icon-5359553_1280.png","isAdmin":true}
18.12.2023, 18:10:53 - INFO - Example Request made
18.12.2023, 18:10:54 - INFO - Example Request made
18.12.2023, 18:20:14 - INFO - User login:  | {"_id":"u101","fullname":"Muki Ja"}
18.12.2023, 18:20:18 - INFO - Example Request made
18.12.2023, 18:20:18 - INFO - Example Request made
18.12.2023, 18:21:03 - INFO - Example Request made
18.12.2023, 18:26:02 - INFO - Example Request made
18.12.2023, 18:26:03 - INFO - Example Request made
18.12.2023, 18:26:03 - INFO - Example Request made
18.12.2023, 18:26:34 - INFO - Example Request made
18.12.2023, 18:26:35 - INFO - Example Request made
18.12.2023, 18:26:35 - INFO - Example Request made
18.12.2023, 18:26:36 - INFO - Example Request made
18.12.2023, 18:26:37 - INFO - Example Request made
18.12.2023, 18:26:37 - INFO - Example Request made
18.12.2023, 18:26:38 - INFO - Example Request made
18.12.2023, 18:26:39 - INFO - Example Request made
18.12.2023, 18:26:39 - INFO - Example Request made
18.12.2023, 18:26:40 - INFO - Example Request made
18.12.2023, 18:26:40 - INFO - Example Request made
18.12.2023, 18:26:41 - INFO - Example Request made
18.12.2023, 18:26:41 - INFO - Example Request made
18.12.2023, 18:26:42 - INFO - Example Request made
18.12.2023, 18:26:42 - INFO - Example Request made
18.12.2023, 18:26:43 - INFO - Example Request made
18.12.2023, 18:26:43 - INFO - Example Request made
18.12.2023, 18:26:43 - INFO - Example Request made
18.12.2023, 18:26:44 - INFO - Example Request made
18.12.2023, 18:26:44 - INFO - Example Request made
18.12.2023, 18:26:45 - INFO - Example Request made
18.12.2023, 18:26:45 - INFO - Example Request made
18.12.2023, 18:26:46 - INFO - Example Request made
18.12.2023, 18:26:47 - INFO - Example Request made
18.12.2023, 18:26:47 - INFO - Example Request made
18.12.2023, 18:26:47 - INFO - Example Request made
18.12.2023, 18:26:48 - INFO - Example Request made
18.12.2023, 18:26:49 - INFO - Example Request made
18.12.2023, 18:26:49 - INFO - Example Request made
18.12.2023, 18:26:50 - INFO - Example Request made
18.12.2023, 18:26:50 - INFO - Example Request made
18.12.2023, 18:26:51 - INFO - Example Request made
18.12.2023, 18:26:51 - INFO - Example Request made
18.12.2023, 18:26:52 - INFO - Example Request made
18.12.2023, 18:26:52 - INFO - Example Request made
18.12.2023, 18:26:53 - INFO - Example Request made
18.12.2023, 18:26:53 - INFO - Example Request made
18.12.2023, 18:26:54 - INFO - Example Request made
18.12.2023, 18:26:54 - INFO - Example Request made
18.12.2023, 18:26:54 - INFO - Example Request made
18.12.2023, 18:26:55 - INFO - Example Request made
18.12.2023, 18:26:55 - INFO - Example Request made
18.12.2023, 18:26:56 - INFO - Example Request made
18.12.2023, 18:26:56 - INFO - Example Request made
18.12.2023, 18:26:57 - INFO - Example Request made
18.12.2023, 18:26:57 - INFO - Example Request made
18.12.2023, 18:26:58 - INFO - Example Request made
18.12.2023, 18:26:58 - INFO - Example Request made
18.12.2023, 18:26:59 - INFO - Example Request made
18.12.2023, 18:26:59 - INFO - Example Request made
18.12.2023, 18:26:59 - INFO - Example Request made
18.12.2023, 18:27:00 - INFO - Example Request made
18.12.2023, 18:27:01 - INFO - Example Request made
18.12.2023, 18:27:01 - INFO - Example Request made
18.12.2023, 18:27:02 - INFO - Example Request made
18.12.2023, 18:27:02 - INFO - Example Request made
18.12.2023, 18:27:03 - INFO - Example Request made
18.12.2023, 18:27:03 - INFO - Example Request made
18.12.2023, 18:27:03 - INFO - Example Request made
18.12.2023, 18:27:04 - INFO - Example Request made
18.12.2023, 18:27:04 - INFO - Example Request made
18.12.2023, 18:27:05 - INFO - Example Request made
18.12.2023, 18:27:42 - INFO - Example Request made
18.12.2023, 18:28:16 - INFO - Example Request made
18.12.2023, 18:30:07 - INFO - Example Request made
18.12.2023, 18:30:35 - INFO - User login:  | {"_id":"mdWo5K","fullname":"rave","imgUrl":"https://cdn.pixabay.com/photo/2020/07/01/12/58/icon-5359553_1280.png","isAdmin":true}
18.12.2023, 18:30:36 - INFO - Example Request made
18.12.2023, 18:33:07 - INFO - Example Request made
18.12.2023, 18:33:08 - INFO - Example Request made
18.12.2023, 18:34:01 - INFO - Example Request made
18.12.2023, 18:34:01 - INFO - Example Request made
18.12.2023, 18:34:07 - INFO - Example Request made
18.12.2023, 18:34:08 - INFO - Example Request made
18.12.2023, 18:34:31 - INFO - Example Request made
18.12.2023, 18:34:32 - INFO - Example Request made
18.12.2023, 18:35:32 - INFO - Example Request made
18.12.2023, 18:35:32 - INFO - Example Request made
18.12.2023, 18:35:33 - INFO - Example Request made
18.12.2023, 18:35:34 - INFO - Example Request made
18.12.2023, 18:35:34 - INFO - Example Request made
18.12.2023, 18:35:35 - INFO - Example Request made
18.12.2023, 18:35:35 - INFO - Example Request made
18.12.2023, 18:35:36 - INFO - Example Request made
18.12.2023, 18:35:36 - INFO - Example Request made
18.12.2023, 18:35:37 - INFO - Example Request made
18.12.2023, 18:35:37 - INFO - Example Request made
18.12.2023, 18:35:37 - INFO - Example Request made
18.12.2023, 18:35:38 - INFO - Example Request made
18.12.2023, 18:35:38 - INFO - Example Request made
18.12.2023, 18:35:39 - INFO - Example Request made
18.12.2023, 18:35:39 - INFO - Example Request made
18.12.2023, 18:35:39 - INFO - Example Request made
18.12.2023, 18:35:40 - INFO - Example Request made
18.12.2023, 18:35:40 - INFO - Example Request made
18.12.2023, 18:35:41 - INFO - Example Request made
18.12.2023, 18:35:41 - INFO - Example Request made
18.12.2023, 18:35:42 - INFO - Example Request made
18.12.2023, 18:35:43 - INFO - Example Request made
18.12.2023, 18:35:43 - INFO - Example Request made
18.12.2023, 18:35:44 - INFO - Example Request made
18.12.2023, 18:35:45 - INFO - Example Request made
18.12.2023, 18:35:45 - INFO - Example Request made
18.12.2023, 18:35:45 - INFO - Example Request made
18.12.2023, 18:35:46 - INFO - Example Request made
18.12.2023, 18:35:46 - INFO - Example Request made
18.12.2023, 18:35:47 - INFO - Example Request made
18.12.2023, 18:35:47 - INFO - Example Request made
18.12.2023, 18:35:48 - INFO - Example Request made
18.12.2023, 18:35:48 - INFO - Example Request made
18.12.2023, 18:35:49 - INFO - Example Request made
18.12.2023, 18:35:49 - INFO - Example Request made
18.12.2023, 18:35:50 - INFO - Example Request made
18.12.2023, 18:35:50 - INFO - Example Request made
18.12.2023, 18:35:51 - INFO - Example Request made
18.12.2023, 18:35:51 - INFO - Example Request made
18.12.2023, 18:35:52 - INFO - Example Request made
18.12.2023, 18:35:52 - INFO - Example Request made
18.12.2023, 18:35:52 - INFO - Example Request made
18.12.2023, 18:35:53 - INFO - Example Request made
18.12.2023, 18:35:53 - INFO - Example Request made
18.12.2023, 18:35:53 - INFO - Example Request made
18.12.2023, 18:35:54 - INFO - Example Request made
18.12.2023, 18:35:54 - INFO - Example Request made
18.12.2023, 18:35:55 - INFO - Example Request made
18.12.2023, 18:35:55 - INFO - Example Request made
18.12.2023, 18:35:56 - INFO - Example Request made
18.12.2023, 18:35:56 - INFO - Example Request made
18.12.2023, 18:35:56 - INFO - Example Request made
18.12.2023, 18:35:57 - INFO - Example Request made
18.12.2023, 18:35:57 - INFO - Example Request made
18.12.2023, 18:35:57 - INFO - Example Request made
18.12.2023, 18:35:58 - INFO - Example Request made
18.12.2023, 18:35:58 - INFO - Example Request made
18.12.2023, 18:35:58 - INFO - Example Request made
18.12.2023, 18:35:59 - INFO - Example Request made
18.12.2023, 18:35:59 - INFO - Example Request made
18.12.2023, 18:36:00 - INFO - Example Request made
18.12.2023, 18:36:00 - INFO - Example Request made
18.12.2023, 18:36:01 - INFO - Example Request made
18.12.2023, 18:36:01 - INFO - Example Request made
18.12.2023, 18:36:02 - INFO - Example Request made
18.12.2023, 18:36:02 - INFO - Example Request made
18.12.2023, 18:36:02 - INFO - Example Request made
18.12.2023, 18:36:03 - INFO - Example Request made
18.12.2023, 18:36:03 - INFO - Example Request made
18.12.2023, 18:36:03 - INFO - Example Request made
18.12.2023, 18:36:04 - INFO - Example Request made
18.12.2023, 18:36:04 - INFO - Example Request made
18.12.2023, 18:36:05 - INFO - Example Request made
18.12.2023, 18:36:05 - INFO - Example Request made
18.12.2023, 18:36:05 - INFO - Example Request made
18.12.2023, 18:36:06 - INFO - Example Request made
18.12.2023, 18:36:06 - INFO - Example Request made
18.12.2023, 18:36:06 - INFO - Example Request made
18.12.2023, 18:36:07 - INFO - Example Request made
18.12.2023, 18:36:07 - INFO - Example Request made
18.12.2023, 18:36:08 - INFO - Example Request made
18.12.2023, 18:36:08 - INFO - Example Request made
18.12.2023, 18:36:08 - INFO - Example Request made
18.12.2023, 18:36:09 - INFO - Example Request made
18.12.2023, 18:36:09 - INFO - Example Request made
18.12.2023, 18:36:09 - INFO - Example Request made
18.12.2023, 18:36:09 - INFO - Example Request made
18.12.2023, 18:36:10 - INFO - Example Request made
18.12.2023, 18:36:10 - INFO - Example Request made
18.12.2023, 18:36:11 - INFO - Example Request made
18.12.2023, 18:36:11 - INFO - Example Request made
18.12.2023, 18:36:11 - INFO - Example Request made
18.12.2023, 18:36:11 - INFO - Example Request made
18.12.2023, 18:36:11 - INFO - Example Request made
18.12.2023, 18:36:12 - INFO - Example Request made
18.12.2023, 18:36:12 - INFO - Example Request made
18.12.2023, 18:36:12 - INFO - Example Request made
18.12.2023, 18:36:12 - INFO - Example Request made
18.12.2023, 18:36:13 - INFO - Example Request made
18.12.2023, 18:36:13 - INFO - Example Request made
18.12.2023, 18:36:13 - INFO - Example Request made
18.12.2023, 18:36:14 - INFO - Example Request made
18.12.2023, 18:36:14 - INFO - Example Request made
18.12.2023, 18:36:14 - INFO - Example Request made
18.12.2023, 18:36:15 - INFO - Example Request made
18.12.2023, 18:36:15 - INFO - Example Request made
18.12.2023, 18:36:15 - INFO - Example Request made
18.12.2023, 18:36:16 - INFO - Example Request made
18.12.2023, 18:36:16 - INFO - Example Request made
18.12.2023, 18:36:16 - INFO - Example Request made
18.12.2023, 18:36:16 - INFO - Example Request made
18.12.2023, 18:36:17 - INFO - Example Request made
18.12.2023, 18:36:17 - INFO - Example Request made
18.12.2023, 18:36:17 - INFO - Example Request made
18.12.2023, 18:36:17 - INFO - Example Request made
18.12.2023, 18:36:18 - INFO - Example Request made
18.12.2023, 18:36:18 - INFO - Example Request made
18.12.2023, 18:36:18 - INFO - Example Request made
18.12.2023, 18:36:18 - INFO - Example Request made
18.12.2023, 18:36:19 - INFO - Example Request made
18.12.2023, 18:36:19 - INFO - Example Request made
18.12.2023, 18:36:19 - INFO - Example Request made
18.12.2023, 18:36:20 - INFO - Example Request made
18.12.2023, 18:36:20 - INFO - Example Request made
18.12.2023, 18:36:20 - INFO - Example Request made
18.12.2023, 18:36:21 - INFO - Example Request made
18.12.2023, 18:36:21 - INFO - Example Request made
18.12.2023, 18:36:21 - INFO - Example Request made
18.12.2023, 18:36:22 - INFO - Example Request made
18.12.2023, 18:36:22 - INFO - Example Request made
18.12.2023, 18:36:22 - INFO - Example Request made
18.12.2023, 18:36:23 - INFO - Example Request made
18.12.2023, 18:36:23 - INFO - Example Request made
18.12.2023, 18:36:23 - INFO - Example Request made
18.12.2023, 18:36:24 - INFO - Example Request made
18.12.2023, 18:36:24 - INFO - Example Request made
18.12.2023, 18:36:25 - INFO - Example Request made
18.12.2023, 18:36:25 - INFO - Example Request made
18.12.2023, 18:36:25 - INFO - Example Request made
18.12.2023, 18:36:26 - INFO - Example Request made
18.12.2023, 18:36:26 - INFO - Example Request made
18.12.2023, 18:36:26 - INFO - Example Request made
18.12.2023, 18:36:27 - INFO - Example Request made
18.12.2023, 18:36:27 - INFO - Example Request made
18.12.2023, 18:36:27 - INFO - Example Request made
18.12.2023, 18:36:27 - INFO - Example Request made
18.12.2023, 18:36:28 - INFO - Example Request made
18.12.2023, 18:36:28 - INFO - Example Request made
18.12.2023, 18:36:28 - INFO - Example Request made
18.12.2023, 18:36:29 - INFO - Example Request made
18.12.2023, 18:36:29 - INFO - Example Request made
18.12.2023, 18:36:29 - INFO - Example Request made
18.12.2023, 18:36:29 - INFO - Example Request made
18.12.2023, 18:36:29 - INFO - Example Request made
18.12.2023, 18:36:29 - INFO - Example Request made
18.12.2023, 18:36:30 - INFO - Example Request made
18.12.2023, 18:36:30 - INFO - Example Request made
18.12.2023, 18:36:30 - INFO - Example Request made
18.12.2023, 18:36:31 - INFO - Example Request made
18.12.2023, 18:36:31 - INFO - Example Request made
18.12.2023, 18:36:31 - INFO - Example Request made
18.12.2023, 18:36:31 - INFO - Example Request made
18.12.2023, 18:36:32 - INFO - Example Request made
18.12.2023, 18:36:32 - INFO - Example Request made
18.12.2023, 18:36:32 - INFO - Example Request made
18.12.2023, 18:36:32 - INFO - Example Request made
18.12.2023, 18:36:33 - INFO - Example Request made
18.12.2023, 18:36:33 - INFO - Example Request made
18.12.2023, 18:36:33 - INFO - Example Request made
18.12.2023, 18:36:33 - INFO - Example Request made
18.12.2023, 18:36:33 - INFO - Example Request made
18.12.2023, 18:36:34 - INFO - Example Request made
18.12.2023, 18:36:34 - INFO - Example Request made
18.12.2023, 18:36:34 - INFO - Example Request made
18.12.2023, 18:36:35 - INFO - Example Request made
18.12.2023, 18:36:35 - INFO - Example Request made
18.12.2023, 18:36:35 - INFO - Example Request made
18.12.2023, 18:36:35 - INFO - Example Request made
18.12.2023, 18:36:36 - INFO - Example Request made
18.12.2023, 18:36:36 - INFO - Example Request made
18.12.2023, 18:36:36 - INFO - Example Request made
18.12.2023, 18:36:37 - INFO - Example Request made
18.12.2023, 18:36:37 - INFO - Example Request made
18.12.2023, 18:36:37 - INFO - Example Request made
18.12.2023, 18:36:37 - INFO - Example Request made
18.12.2023, 18:36:38 - INFO - Example Request made
18.12.2023, 18:36:38 - INFO - Example Request made
18.12.2023, 18:36:38 - INFO - Example Request made
18.12.2023, 18:36:39 - INFO - Example Request made
18.12.2023, 18:36:39 - INFO - Example Request made
18.12.2023, 18:36:39 - INFO - Example Request made
18.12.2023, 18:36:40 - INFO - Example Request made
18.12.2023, 18:36:40 - INFO - Example Request made
18.12.2023, 18:36:40 - INFO - Example Request made
18.12.2023, 18:36:40 - INFO - Example Request made
18.12.2023, 18:36:41 - INFO - Example Request made
18.12.2023, 18:36:41 - INFO - Example Request made
18.12.2023, 18:36:41 - INFO - Example Request made
18.12.2023, 18:36:42 - INFO - Example Request made
18.12.2023, 18:36:42 - INFO - Example Request made
18.12.2023, 18:36:42 - INFO - Example Request made
18.12.2023, 18:36:43 - INFO - Example Request made
18.12.2023, 18:36:43 - INFO - Example Request made
18.12.2023, 18:36:43 - INFO - Example Request made
18.12.2023, 18:36:44 - INFO - Example Request made
18.12.2023, 18:36:44 - INFO - Example Request made
18.12.2023, 18:36:44 - INFO - Example Request made
18.12.2023, 18:36:44 - INFO - Example Request made
18.12.2023, 18:36:45 - INFO - Example Request made
18.12.2023, 18:36:45 - INFO - Example Request made
18.12.2023, 18:36:45 - INFO - Example Request made
18.12.2023, 18:36:46 - INFO - Example Request made
18.12.2023, 18:36:46 - INFO - Example Request made
18.12.2023, 18:36:46 - INFO - Example Request made
18.12.2023, 18:36:46 - INFO - Example Request made
18.12.2023, 18:36:47 - INFO - Example Request made
18.12.2023, 18:36:47 - INFO - Example Request made
18.12.2023, 18:36:47 - INFO - Example Request made
18.12.2023, 18:36:47 - INFO - Example Request made
18.12.2023, 18:36:48 - INFO - Example Request made
18.12.2023, 18:36:48 - INFO - Example Request made
18.12.2023, 18:36:48 - INFO - Example Request made
18.12.2023, 18:36:48 - INFO - Example Request made
18.12.2023, 18:36:48 - INFO - Example Request made
18.12.2023, 18:36:49 - INFO - Example Request made
18.12.2023, 18:36:49 - INFO - Example Request made
18.12.2023, 18:36:49 - INFO - Example Request made
18.12.2023, 18:36:49 - INFO - Example Request made
18.12.2023, 18:36:49 - INFO - Example Request made
18.12.2023, 18:36:50 - INFO - Example Request made
18.12.2023, 18:36:50 - INFO - Example Request made
18.12.2023, 18:36:50 - INFO - Example Request made
18.12.2023, 18:36:50 - INFO - Example Request made
18.12.2023, 18:36:51 - INFO - Example Request made
18.12.2023, 18:36:51 - INFO - Example Request made
18.12.2023, 18:36:51 - INFO - Example Request made
18.12.2023, 18:36:52 - INFO - Example Request made
18.12.2023, 18:36:52 - INFO - Example Request made
18.12.2023, 18:36:52 - INFO - Example Request made
18.12.2023, 18:36:52 - INFO - Example Request made
18.12.2023, 18:36:52 - INFO - Example Request made
18.12.2023, 18:36:53 - INFO - Example Request made
18.12.2023, 18:36:53 - INFO - Example Request made
18.12.2023, 18:36:53 - INFO - Example Request made
18.12.2023, 18:36:53 - INFO - Example Request made
18.12.2023, 18:36:53 - INFO - Example Request made
18.12.2023, 18:36:54 - INFO - Example Request made
18.12.2023, 18:36:54 - INFO - Example Request made
18.12.2023, 18:36:54 - INFO - Example Request made
18.12.2023, 18:36:54 - INFO - Example Request made
18.12.2023, 18:36:55 - INFO - Example Request made
18.12.2023, 18:36:55 - INFO - Example Request made
18.12.2023, 18:36:55 - INFO - Example Request made
18.12.2023, 18:36:55 - INFO - Example Request made
18.12.2023, 18:36:56 - INFO - Example Request made
18.12.2023, 18:36:56 - INFO - Example Request made
18.12.2023, 18:36:56 - INFO - Example Request made
18.12.2023, 18:36:56 - INFO - Example Request made
18.12.2023, 18:36:57 - INFO - Example Request made
18.12.2023, 18:36:57 - INFO - Example Request made
18.12.2023, 18:36:58 - INFO - Example Request made
18.12.2023, 18:36:58 - INFO - Example Request made
18.12.2023, 18:36:58 - INFO - Example Request made
18.12.2023, 18:43:55 - INFO - Up and running on port 3030
18.12.2023, 18:43:58 - INFO - Example Request made
18.12.2023, 18:43:59 - INFO - Example Request made
18.12.2023, 18:44:13 - INFO - Example Request made
18.12.2023, 18:44:13 - INFO - Example Request made
18.12.2023, 18:44:32 - INFO - User login:  | {"_id":"u101","fullname":"Muki Ja"}
18.12.2023, 18:44:38 - ERROR - TypeError: Cannot read property '_id' of undefined
18.12.2023, 18:44:40 - ERROR - TypeError: Cannot read property '_id' of undefined
18.12.2023, 18:44:41 - ERROR - TypeError: Cannot read property '_id' of undefined
18.12.2023, 18:44:43 - INFO - Example Request made
18.12.2023, 18:44:44 - INFO - Example Request made
18.12.2023, 18:48:00 - INFO - User login:  | {"_id":"7sDIdT","fullname":"Rave Pinchas"}
18.12.2023, 18:48:10 - INFO - Example Request made
18.12.2023, 18:48:10 - INFO - Example Request made
18.12.2023, 18:48:13 - INFO - User login:  | {"_id":"mdWo5K","fullname":"rave","imgUrl":"https://cdn.pixabay.com/photo/2020/07/01/12/58/icon-5359553_1280.png","isAdmin":true}
18.12.2023, 18:49:15 - INFO - Example Request made
18.12.2023, 18:49:16 - INFO - Example Request made
18.12.2023, 18:49:30 - INFO - Example Request made
18.12.2023, 18:49:31 - INFO - Example Request made
18.12.2023, 18:49:35 - INFO - User login:  | {"_id":"7sDIdT","fullname":"Rave Pinchas"}
18.12.2023, 18:49:42 - INFO - Example Request made
18.12.2023, 18:49:43 - INFO - Example Request made
18.12.2023, 18:50:40 - INFO - Example Request made
18.12.2023, 18:50:41 - INFO - Example Request made
18.12.2023, 18:50:46 - INFO - User login:  | {"_id":"mdWo5K","fullname":"rave","imgUrl":"https://cdn.pixabay.com/photo/2020/07/01/12/58/icon-5359553_1280.png","isAdmin":true}
18.12.2023, 18:50:54 - INFO - User login:  | {"_id":"mdWo5K","fullname":"rave","imgUrl":"https://cdn.pixabay.com/photo/2020/07/01/12/58/icon-5359553_1280.png","isAdmin":true}
18.12.2023, 18:51:08 - INFO - User login:  | {"_id":"u101","fullname":"Muki Ja"}
18.12.2023, 18:51:12 - INFO - Example Request made
18.12.2023, 18:51:13 - INFO - Example Request made
18.12.2023, 18:51:58 - INFO - Example Request made
18.12.2023, 18:51:59 - INFO - Example Request made
18.12.2023, 18:52:20 - INFO - Example Request made
18.12.2023, 18:52:43 - INFO - User login:  | {"_id":"u101","fullname":"Muki Ja"}
18.12.2023, 18:52:47 - INFO - Example Request made
18.12.2023, 18:52:48 - INFO - Example Request made
18.12.2023, 18:54:42 - INFO - Example Request made
18.12.2023, 18:54:42 - INFO - Example Request made
18.12.2023, 18:54:52 - INFO - User login:  | {"_id":"mdWo5K","fullname":"rave","imgUrl":"https://cdn.pixabay.com/photo/2020/07/01/12/58/icon-5359553_1280.png","isAdmin":true}
18.12.2023, 18:54:56 - INFO - Example Request made
18.12.2023, 18:54:56 - INFO - Example Request made
19.12.2023, 14:27:12 - INFO - Up and running on port 3030
19.12.2023, 14:27:14 - INFO - Example Request made
19.12.2023, 14:27:14 - INFO - Example Request made
19.12.2023, 14:27:25 - INFO - User login:  | {"_id":"mdWo5K","fullname":"rave","imgUrl":"https://cdn.pixabay.com/photo/2020/07/01/12/58/icon-5359553_1280.png","isAdmin":true}
19.12.2023, 14:27:26 - INFO - Example Request made
19.12.2023, 14:27:26 - INFO - Example Request made
19.12.2023, 14:27:30 - INFO - Example Request made
19.12.2023, 14:27:31 - INFO - Example Request made
19.12.2023, 14:27:38 - INFO - Example Request made
19.12.2023, 14:27:39 - INFO - Example Request made
19.12.2023, 14:27:43 - INFO - User login:  | {"_id":"u101","fullname":"Muki Ja"}
19.12.2023, 14:27:43 - INFO - Example Request made
19.12.2023, 14:27:44 - INFO - Example Request made
19.12.2023, 14:37:55 - INFO - Up and running on port 3030
